<?xml version="1.0" encoding="UTF-8"?>
<testng-results skipped="0" failed="0" total="1" passed="1">
  <reporter-output>
  </reporter-output>
  <suite name="Suite" duration-ms="59" started-at="2017-07-17T03:36:17Z" finished-at="2017-07-17T03:36:17Z">
    <groups>
    </groups>
    <test name="Test" duration-ms="59" started-at="2017-07-17T03:36:17Z" finished-at="2017-07-17T03:36:17Z">
      <class name="testJenkins.SimpleProgram">
        <test-method status="PASS" signature="TestHello()[pri:0, instance:testJenkins.SimpleProgram@643b1d11]" name="TestHello" duration-ms="20" started-at="2017-07-17T09:06:17Z" finished-at="2017-07-17T09:06:17Z">
          <reporter-output>
          </reporter-output>
        </test-method> <!-- TestHello -->
      </class> <!-- testJenkins.SimpleProgram -->
    </test> <!-- Test -->
  </suite> <!-- Suite -->
</testng-results>
